*** Using Compiler 'V6.24', folder: 'C:\Users\IAA\AppData\Local\Keil\ARM\ARMCLANG\Bin'
Rebuild target 'DRONE'
compiling pid.c...
compiling ano_dt.c...
compiling led.c...
compiling all_data.c...
compiling imu.c...
assembling startup_stm32f401xc.s...
compiling uart.c...
compiling flash.c...
compiling stm32f4xx_hal_msp.c...
compiling mpu6050.c...
compiling stm32f4xx_it.c...
compiling nrf24l01.c...
compiling remote.c...
compiling spl06_001.c...
compiling control.c...
compiling main.c...
compiling filter.c...
compiling mymath.c...
compiling kalman.c...
compiling gl9306.c...
compiling stm32f4xx_hal_adc.c...
compiling stm32f4xx_hal_rcc.c...
compiling stm32f4xx_hal_rcc_ex.c...
compiling stm32f4xx_hal_flash.c...
compiling stm32f4xx_hal_flash_ramfunc.c...
compiling stm32f4xx_hal_flash_ex.c...
compiling stm32f4xx_hal_adc_ex.c...
compiling stm32f4xx_hal_gpio.c...
compiling stm32f4xx_hal_pwr_ex.c...
compiling stm32f4xx_hal_pwr.c...
compiling stm32f4xx_hal_dma.c...
compiling stm32f4xx_hal_dma_ex.c...
compiling stm32f4xx_hal.c...
compiling stm32f4xx_hal_cortex.c...
compiling stm32f4xx_hal_exti.c...
compiling stm32f4xx_hal_i2c_ex.c...
compiling system_stm32f4xx.c...
compiling stm32f4xx_hal_spi.c...
compiling stm32f4xx_hal_tim_ex.c...
compiling stm32f4xx_hal_uart.c...
compiling stm32f4xx_hal_tim.c...
compiling stm32f4xx_hal_i2c.c...
linking...
Program Size: Code=49044 RO-data=752 RW-data=276 ZI-data=2884  
FromELF: creating hex file...
"DRONE\DRONE.axf" - 0 Error(s), 0 Warning(s).
Build Time Elapsed:  00:00:04
